<?xml version="1.0" encoding="UTF-8"?>
<!-- Generated by org.testng.reporters.JUnitXMLReporter -->
<testsuite ignored="0" hostname="DESKTOP-DJOB8MF" failures="0" tests="4" name="Test" time="31.056" errors="0" timestamp="2023-11-10T00:06:49 IST">
  <testcase classname="com.Testcases.HomePageTests" name="ConfirmTopLevelMenusWithRequestADemoButton" time="12.743"/>
  <testcase classname="com.Testcases.HomePageTests" name="SubmitFormWithBlankMessageBoxField" time="8.438"/>
  <testcase classname="com.Testcases.HomePageTests" name="VerifyBlankMessageBoxError" time="1.117"/>
  <testcase classname="com.Testcases.HomePageTests" name="SubmitFormWithAllFieldsFilled" time="8.598"/>
</testsuite> <!-- Test -->
