<?xml version="1.0" encoding="UTF-8"?>
<!-- Generated by org.testng.reporters.JUnitXMLReporter -->
<testsuite ignored="0" hostname="DESKTOP-DJOB8MF" failures="0" tests="3" name="Default test" time="20.296" errors="0" timestamp="2023-11-09T21:21:17 IST">
  <testcase classname="com.Testcases.HomePageTests" name="ConfirmTopLevelMenusWithRequestADemoButton" time="11.477"/>
  <testcase classname="com.Testcases.HomePageTests" name="SubmitFormWithBlankMessageBoxField" time="7.363"/>
  <testcase classname="com.Testcases.HomePageTests" name="VerifyBlankMessageBoxError" time="1.391"/>
</testsuite> <!-- Default test -->
